==============================================================================
Tests                                                                         
==============================================================================
Tests.MSIG                                                                    
==============================================================================
Tests.MSIG.E2E                                                                
==============================================================================
TC_E2E_001 :: End to End Testing for New Submission - In Draft Sta... Starting test: TC_E2E_001
Starting Keyword: common_keywords.Launch URL and Login in to the application | Arguments: []
Starting Keyword: browser.Open Browser and Launch URL | Arguments: []
Starting Keyword: Browser.New Browser | Arguments: ['${browser}', 'headless=${headless}']
Keyword completed: Browser.New Browser
Keyword: Browser.New Browser, Type: keyword, Libname: Browser, Browser Opened: False
Browser opened flag set to True
Starting Keyword: Browser.New Context | Arguments: []
Keyword completed: Browser.New Context
Keyword: Browser.New Context, Type: keyword, Libname: Browser, Browser Opened: True
Browser opened flag set to True
Starting Keyword: Browser.New Page | Arguments: ['${url}', 'wait_until=load']
Keyword completed: Browser.New Page
Keyword: Browser.New Page, Type: keyword, Libname: Browser, Browser Opened: True
Browser opened flag set to True
Keyword completed: browser.Open Browser and Launch URL
Keyword: browser.Open Browser and Launch URL, Type: keyword, Libname: browser, Browser Opened: True
Starting Keyword: Browser.Handle Future Dialogs | Arguments: ['accept']
Keyword completed: Browser.Handle Future Dialogs
Keyword: Browser.Handle Future Dialogs, Type: keyword, Libname: Browser, Browser Opened: True
Starting Keyword: login_page.Login With Username And Password | Arguments: ["${Login['username']}", "${Login['password']}"]
Starting Keyword: BuiltIn.Run Keyword And Return Status | Arguments: ['Wait For Elements State', '${Email}', 'visible', 'timeout=${element_timeout}']
Starting Keyword: Browser.Wait For Elements State | Arguments: ['${Email}', 'visible', 'timeout=${element_timeout}']
Keyword completed: Browser.Wait For Elements State
Keyword: Browser.Wait For Elements State, Type: keyword, Libname: Browser, Browser Opened: True
Keyword completed: BuiltIn.Run Keyword And Return Status
Keyword: BuiltIn.Run Keyword And Return Status, Type: keyword, Libname: BuiltIn, Browser Opened: True
Starting Keyword: '${visible}' == 'False' | Arguments: []
Starting Keyword: BuiltIn.Fatal Error | Arguments: ['Email field not available on Login page. Stopping entire suite execution.']
Keyword completed: BuiltIn.Fatal Error
Keyword: BuiltIn.Fatal Error, Type: keyword, Libname: BuiltIn, Browser Opened: True
Keyword completed: '${visible}' == 'False'
Keyword: '${visible}' == 'False', Type: if, Libname: , Browser Opened: True
Starting Keyword: BuiltIn.Run Keyword And Return Status | Arguments: ['Type Text', '${Email}', '${data_userName}']
Starting Keyword: Browser.Type Text | Arguments: ['${Email}', '${data_userName}']
Keyword completed: Browser.Type Text
Keyword: Browser.Type Text, Type: keyword, Libname: Browser, Browser Opened: True
Keyword completed: BuiltIn.Run Keyword And Return Status
Keyword: BuiltIn.Run Keyword And Return Status, Type: keyword, Libname: BuiltIn, Browser Opened: True
Starting Keyword: '${typedEmail}' == 'False' | Arguments: []
Starting Keyword: BuiltIn.Fatal Error | Arguments: ['Failed to type email in Email field on login page. Stopping entire suite execution.']
Keyword completed: BuiltIn.Fatal Error
Keyword: BuiltIn.Fatal Error, Type: keyword, Libname: BuiltIn, Browser Opened: True
Keyword completed: '${typedEmail}' == 'False'
Keyword: '${typedEmail}' == 'False', Type: if, Libname: , Browser Opened: True
Starting Keyword: BuiltIn.Run Keyword And Return Status | Arguments: ['Click', '${NextButton}']
Starting Keyword: Browser.Click | Arguments: ['${NextButton}']
Keyword completed: Browser.Click
Keyword: Browser.Click, Type: keyword, Libname: Browser, Browser Opened: True
Keyword completed: BuiltIn.Run Keyword And Return Status
Keyword: BuiltIn.Run Keyword And Return Status, Type: keyword, Libname: BuiltIn, Browser Opened: True
Starting Keyword: '${nextClicked}' == 'False' | Arguments: []
Starting Keyword: BuiltIn.Fatal Error | Arguments: ['Next button not clickable on login page. Stopping entire suite execution.']
Keyword completed: BuiltIn.Fatal Error
Keyword: BuiltIn.Fatal Error, Type: keyword, Libname: BuiltIn, Browser Opened: True
Keyword completed: '${nextClicked}' == 'False'
Keyword: '${nextClicked}' == 'False', Type: if, Libname: , Browser Opened: True
Starting Keyword: BuiltIn.Run Keyword And Return Status | Arguments: ['Wait For Elements State', '${LoginUser}', 'visible', 'timeout=${element_timeout}']
Starting Keyword: Browser.Wait For Elements State | Arguments: ['${LoginUser}', 'visible', 'timeout=${element_timeout}']
Keyword completed: Browser.Wait For Elements State
Keyword: Browser.Wait For Elements State, Type: keyword, Libname: Browser, Browser Opened: True
Keyword completed: BuiltIn.Run Keyword And Return Status
Keyword: BuiltIn.Run Keyword And Return Status, Type: keyword, Libname: BuiltIn, Browser Opened: True
Starting Keyword: '${visible}' == 'False' | Arguments: []
Starting Keyword: BuiltIn.Fatal Error | Arguments: ['Login username field not visible. Stopping entire suite execution.']
Keyword completed: BuiltIn.Fatal Error
Keyword: BuiltIn.Fatal Error, Type: keyword, Libname: BuiltIn, Browser Opened: True
Keyword completed: '${visible}' == 'False'
Keyword: '${visible}' == 'False', Type: if, Libname: , Browser Opened: True
Starting Keyword: BuiltIn.Run Keyword And Return Status | Arguments: ['Fill Text', '${LoginUser}', '${data_userName}']
Starting Keyword: Browser.Fill Text | Arguments: ['${LoginUser}', '${data_userName}']
Keyword completed: Browser.Fill Text
Keyword: Browser.Fill Text, Type: keyword, Libname: Browser, Browser Opened: True
Keyword completed: BuiltIn.Run Keyword And Return Status
Keyword: BuiltIn.Run Keyword And Return Status, Type: keyword, Libname: BuiltIn, Browser Opened: True
Starting Keyword: '${typedUser}' == 'False' | Arguments: []
Starting Keyword: BuiltIn.Fatal Error | Arguments: ['Failed to type username in LoginUser field. Stopping entire suite execution.']
Keyword completed: BuiltIn.Fatal Error
Keyword: BuiltIn.Fatal Error, Type: keyword, Libname: BuiltIn, Browser Opened: True
Keyword completed: '${typedUser}' == 'False'
Keyword: '${typedUser}' == 'False', Type: if, Libname: , Browser Opened: True
Starting Keyword: BuiltIn.Run Keyword And Return Status | Arguments: ['Wait For Elements State', '${LoginPassword}', 'visible', 'timeout=${element_timeout}']
Starting Keyword: Browser.Wait For Elements State | Arguments: ['${LoginPassword}', 'visible', 'timeout=${element_timeout}']
Keyword completed: Browser.Wait For Elements State
Keyword: Browser.Wait For Elements State, Type: keyword, Libname: Browser, Browser Opened: True
Keyword completed: BuiltIn.Run Keyword And Return Status
Keyword: BuiltIn.Run Keyword And Return Status, Type: keyword, Libname: BuiltIn, Browser Opened: True
Starting Keyword: '${visible}' == 'False' | Arguments: []
Starting Keyword: BuiltIn.Fatal Error | Arguments: ['LoginPassword field not available. Stopping entire suite execution.']
Keyword completed: BuiltIn.Fatal Error
Keyword: BuiltIn.Fatal Error, Type: keyword, Libname: BuiltIn, Browser Opened: True
Keyword completed: '${visible}' == 'False'
Keyword: '${visible}' == 'False', Type: if, Libname: , Browser Opened: True
Starting Keyword: BuiltIn.Run Keyword And Return Status | Arguments: ['Fill Text', '${LoginPassword}', '${data_password}']
Starting Keyword: Browser.Fill Text | Arguments: ['${LoginPassword}', '${data_password}']
Keyword completed: Browser.Fill Text
Keyword: Browser.Fill Text, Type: keyword, Libname: Browser, Browser Opened: True
Keyword completed: BuiltIn.Run Keyword And Return Status
Keyword: BuiltIn.Run Keyword And Return Status, Type: keyword, Libname: BuiltIn, Browser Opened: True
Starting Keyword: '${typedPassword}' == 'False' | Arguments: []
Starting Keyword: BuiltIn.Fatal Error | Arguments: ['Failed to type password in LoginPassword field. Stopping entire suite execution.']
Keyword completed: BuiltIn.Fatal Error
Keyword: BuiltIn.Fatal Error, Type: keyword, Libname: BuiltIn, Browser Opened: True
Keyword completed: '${typedPassword}' == 'False'
Keyword: '${typedPassword}' == 'False', Type: if, Libname: , Browser Opened: True
Starting Keyword: BuiltIn.Run Keyword And Return Status | Arguments: ['Click', '${LoginButton}']
Starting Keyword: Browser.Click | Arguments: ['${LoginButton}']
Keyword completed: Browser.Click
Keyword: Browser.Click, Type: keyword, Libname: Browser, Browser Opened: True
Keyword completed: BuiltIn.Run Keyword And Return Status
Keyword: BuiltIn.Run Keyword And Return Status, Type: keyword, Libname: BuiltIn, Browser Opened: True
Starting Keyword: '${loginClicked}' == 'False' | Arguments: []
Starting Keyword: BuiltIn.Fatal Error | Arguments: ['Login button not clickable. Stopping entire suite execution.']
Keyword completed: BuiltIn.Fatal Error
Keyword: BuiltIn.Fatal Error, Type: keyword, Libname: BuiltIn, Browser Opened: True
Keyword completed: '${loginClicked}' == 'False'
Keyword: '${loginClicked}' == 'False', Type: if, Libname: , Browser Opened: True
Keyword completed: login_page.Login With Username And Password
Keyword: login_page.Login With Username And Password, Type: keyword, Libname: login_page, Browser Opened: True
Keyword completed: common_keywords.Launch URL and Login in to the application
Keyword: common_keywords.Launch URL and Login in to the application, Type: setup, Libname: common_keywords, Browser Opened: True
Starting Keyword: BuiltIn.Run Keyword And Continue On Failure | Arguments: ['Verify My Assignments Tab is displayed as a default tab']
Starting Keyword: my_assignments_page.Verify My Assignments Tab is displayed as a default tab | Arguments: []
Starting Keyword: BuiltIn.Run Keyword And Return Status | Arguments: ['Wait For Elements State', '${MyAssignments}', 'visible', 'timeout=30s']
Starting Keyword: Browser.Wait For Elements State | Arguments: ['${MyAssignments}', 'visible', 'timeout=30s']
Keyword completed: Browser.Wait For Elements State
Keyword: Browser.Wait For Elements State, Type: keyword, Libname: Browser, Browser Opened: True
Keyword completed: BuiltIn.Run Keyword And Return Status
Keyword: BuiltIn.Run Keyword And Return Status, Type: keyword, Libname: BuiltIn, Browser Opened: True
Starting Keyword: BuiltIn.Run Keyword And Continue On Failure | Arguments: ['Should Be True', '${tab_visible}', "msg=Verify My Assignments Tab: 'My Assignments' tab is not visible on the page."]
Starting Keyword: BuiltIn.Should Be True | Arguments: ['${tab_visible}', "msg=Verify My Assignments Tab: 'My Assignments' tab is not visible on the page."]
Keyword completed: BuiltIn.Should Be True
Keyword: BuiltIn.Should Be True, Type: keyword, Libname: BuiltIn, Browser Opened: True
Keyword completed: BuiltIn.Run Keyword And Continue On Failure
Keyword: BuiltIn.Run Keyword And Continue On Failure, Type: keyword, Libname: BuiltIn, Browser Opened: True
Starting Keyword: BuiltIn.Run Keyword And Return Status | Arguments: ['Get Element States', '${MyAssignments}', 'validate', 'value & visible']
Starting Keyword: Browser.Get Element States | Arguments: ['${MyAssignments}', 'validate', 'value & visible']
Keyword completed: Browser.Get Element States
Keyword: Browser.Get Element States, Type: keyword, Libname: Browser, Browser Opened: True
Keyword completed: BuiltIn.Run Keyword And Return Status
Keyword: BuiltIn.Run Keyword And Return Status, Type: keyword, Libname: BuiltIn, Browser Opened: True
Starting Keyword: BuiltIn.Run Keyword And Continue On Failure | Arguments: ['Should Be True', '${tab_state}', "msg=Verify My Assignments Tab: 'My Assignments' tab is not in the expected visible state."]
Starting Keyword: BuiltIn.Should Be True | Arguments: ['${tab_state}', "msg=Verify My Assignments Tab: 'My Assignments' tab is not in the expected visible state."]
Keyword completed: BuiltIn.Should Be True
Keyword: BuiltIn.Should Be True, Type: keyword, Libname: BuiltIn, Browser Opened: True
Keyword completed: BuiltIn.Run Keyword And Continue On Failure
Keyword: BuiltIn.Run Keyword And Continue On Failure, Type: keyword, Libname: BuiltIn, Browser Opened: True
Keyword completed: my_assignments_page.Verify My Assignments Tab is displayed as a default tab
Keyword: my_assignments_page.Verify My Assignments Tab is displayed as a default tab, Type: keyword, Libname: my_assignments_page, Browser Opened: True
Keyword completed: BuiltIn.Run Keyword And Continue On Failure
Keyword: BuiltIn.Run Keyword And Continue On Failure, Type: keyword, Libname: BuiltIn, Browser Opened: True
Starting Keyword: BuiltIn.Run Keywords | Arguments: ['Close Context', 'Close Browser']
Starting Keyword: Browser.Close Context | Arguments: []
Keyword completed: Browser.Close Context
Keyword: Browser.Close Context, Type: keyword, Libname: Browser, Browser Opened: True
Starting Keyword: Browser.Close Browser | Arguments: []
Keyword completed: Browser.Close Browser
Keyword: Browser.Close Browser, Type: keyword, Libname: Browser, Browser Opened: True
Keyword completed: BuiltIn.Run Keywords
Keyword: BuiltIn.Run Keywords, Type: teardown, Libname: BuiltIn, Browser Opened: True
Ending test: TC_E2E_001
| PASS |
------------------------------------------------------------------------------
Tests.MSIG.E2E                                                        | PASS |
1 test, 1 passed, 0 failed
==============================================================================
Tests.MSIG                                                            | PASS |
1 test, 1 passed, 0 failed
==============================================================================
Tests                                                                 | PASS |
1 test, 1 passed, 0 failed
==============================================================================
Output:  /home/runner/work/Robot-Framework/Robot-Framework/results/pabot_results/0/output.xml
